TN:
SF:src/App.tsx
FN:11,(anonymous_0)
FN:15,(anonymous_1)
FNF:2
FNH:1
FNDA:0,(anonymous_0)
FNDA:1,(anonymous_1)
DA:7,1
DA:11,1
DA:13,1
DA:15,1
DA:16,1
LF:5
LH:5
BRF:0
BRH:0
end_of_record
TN:
SF:src/components/Card.tsx
FNF:0
FNH:0
DA:3,1
LF:1
LH:1
BRF:0
BRH:0
end_of_record
TN:
SF:src/components/FlexBox.tsx
FNF:0
FNH:0
DA:3,1
LF:1
LH:1
BRF:0
BRH:0
end_of_record
TN:
SF:src/components/IndeterminateLoader.tsx
FN:3,(anonymous_0)
FNF:1
FNH:1
FNDA:1,(anonymous_0)
DA:3,1
DA:4,1
LF:2
LH:2
BRF:0
BRH:0
end_of_record
TN:
SF:src/pages/AnimeCharacterPage/AnimeCharacterPage.tsx
FN:8,(anonymous_0)
FN:29,(anonymous_1)
FN:29,(anonymous_2)
FN:36,(anonymous_3)
FN:36,(anonymous_4)
FNF:5
FNH:5
FNDA:12,(anonymous_0)
FNDA:1,(anonymous_1)
FNDA:1,(anonymous_2)
FNDA:2,(anonymous_3)
FNDA:2,(anonymous_4)
DA:8,1
DA:9,12
DA:11,12
DA:13,12
DA:14,1
DA:17,11
DA:18,1
DA:21,10
DA:29,1
DA:36,2
DA:45,1
LF:11
LH:11
BRDA:13,0,0,1
BRDA:13,0,1,11
BRDA:17,1,0,1
BRDA:17,1,1,10
BRDA:29,2,0,0
BRDA:29,2,1,1
BRF:6
BRH:5
end_of_record
TN:
SF:src/pages/AnimeCharacterPage/components/CharacterCard.tsx
FN:13,(anonymous_0)
FNF:1
FNH:1
FNDA:10,(anonymous_0)
DA:13,1
DA:14,10
LF:2
LH:2
BRF:0
BRH:0
end_of_record
TN:
SF:src/pages/AnimeCharacterPage/components/CharacterDateOfBirth.tsx
FN:10,(anonymous_0)
FNF:1
FNH:1
FNDA:10,(anonymous_0)
DA:10,1
DA:16,10
LF:2
LH:2
BRDA:14,0,0,10
BRF:1
BRH:1
end_of_record
TN:
SF:src/pages/AnimeCharacterPage/components/CharacterDescription.tsx
FN:8,(anonymous_0)
FNF:1
FNH:1
FNDA:10,(anonymous_0)
DA:8,1
DA:11,10
LF:2
LH:2
BRF:0
BRH:0
end_of_record
TN:
SF:src/pages/AnimeCharacterPage/components/CharacterImage.tsx
FN:8,(anonymous_0)
FNF:1
FNH:1
FNDA:10,(anonymous_0)
DA:8,1
DA:12,10
LF:2
LH:2
BRF:0
BRH:0
end_of_record
TN:
SF:src/pages/AnimeCharacterPage/components/CharacterInfoTable.tsx
FN:14,(anonymous_0)
FNF:1
FNH:1
FNDA:10,(anonymous_0)
DA:5,1
DA:14,1
DA:15,10
LF:3
LH:3
BRDA:36,0,0,10
BRDA:36,0,1,10
BRF:2
BRH:2
end_of_record
TN:
SF:src/pages/AnimeCharacterPage/services/anime-character-api.interface.ts
FNF:0
FNH:0
LF:0
LH:0
BRF:0
BRH:0
end_of_record
TN:
SF:src/pages/AnimeCharacterPage/services/anime-character-api.service.ts
FN:29,(anonymous_0)
FN:31,(anonymous_1)
FNF:2
FNH:2
FNDA:1,(anonymous_0)
FNDA:1,(anonymous_1)
DA:5,2
DA:26,2
DA:32,1
LF:3
LH:3
BRF:0
BRH:0
end_of_record
TN:
SF:src/services/urql-graphql-client.service.ts
FNF:0
FNH:0
DA:3,1
DA:5,1
LF:2
LH:2
BRF:0
BRH:0
end_of_record
